#
# A fatal error has been detected by the Java Runtime Environment:
#
#  Internal Error (os_windows_x86.cpp:149), pid=5456, tid=4864
#  guarantee(result == EXCEPTION_CONTINUE_EXECUTION) failed: Unexpected result from topLevelExceptionFilter
#
# JRE version: 7.0_11-b21
# Java VM: Java HotSpot(TM) 64-Bit Server VM (23.6-b04 mixed mode windows-amd64 compressed oops)
# Failed to write core dump. Minidumps are not enabled by default on client versions of Windows
#
# If you would like to submit a bug report, please visit:
#   http://bugreport.sun.com/bugreport/crash.jsp
#

---------------  T H R E A D  ---------------

Current thread (0x00000000662ee000):  JavaThread "Main message loop" daemon [_thread_in_Java, id=4864, stack(0x00000001326c0000,0x00000001366c0000)]

Stack: [0x00000001326c0000,0x00000001366c0000]
[error occurred during error reporting (printing stack bounds), id 0xc0000005]


[error occurred during error reporting (printing native stack), id 0xc0000005]


---------------  P R O C E S S  ---------------

Java Threads: ( => current thread )
=>0x00000000662ee000 JavaThread "Main message loop" daemon [_thread_in_Java, id=4864, stack(0x00000001326c0000,0x00000001366c0000)]
  0x00000000662ec800 JavaThread "Browser Thread" daemon [_thread_blocked, id=6880, stack(0x0000000108000000,0x000000010c000000)]
  0x0000000068f2f000 JavaThread "Browser Events Thread" daemon [_thread_blocked, id=5600, stack(0x0000000080000000,0x0000000084000000)]
  0x000000007ce49000 JavaThread "Timer-2" daemon [_thread_blocked, id=5420, stack(0x00000000dc000000,0x00000000e0000000)]
  0x000000005779e800 JavaThread "Main message loop" daemon [_thread_in_native, id=5112, stack(0x00000000b8000000,0x00000000bc000000)]
  0x0000000068f2a800 JavaThread "com.jniwrapper.NativeResourceCollector" daemon [_thread_blocked, id=5376, stack(0x00000000ac000000,0x00000000b0000000)]
  0x0000000068f2e800 JavaThread "Code Analyzer updating thread" [_thread_blocked, id=6532, stack(0x00000000b4000000,0x00000000b8000000)]
  0x0000000068f29000 JavaThread "Prefs Updater" daemon [_thread_blocked, id=1528, stack(0x00000000b0000000,0x00000000b4000000)]
  0x0000000068f2d800 JavaThread "Foxtrot Single Worker Thread #1" daemon [_thread_blocked, id=3012, stack(0x0000000100000000,0x0000000104000000)]
  0x00000000577a1800 JavaThread "Active Reference Queue Daemon" daemon [_thread_blocked, id=5952, stack(0x00000000cc000000,0x00000000d0000000)]
  0x00000000577a7000 JavaThread "Timer-1" daemon [_thread_blocked, id=3988, stack(0x00000000a8000000,0x00000000ac000000)]
  0x00000000577a7800 JavaThread "Swing-Shell" daemon [_thread_blocked, id=5692, stack(0x00000000d4000000,0x00000000d8000000)]
  0x00000000577a8800 JavaThread "ClipboardMonitor Timer" daemon [_thread_blocked, id=4652, stack(0x00000000d8000000,0x00000000dc000000)]
  0x00000000577a6000 JavaThread "Explorer NavigationContext request queue" daemon [_thread_blocked, id=6136, stack(0x00000000d0000000,0x00000000d4000000)]
  0x00000000577a3000 JavaThread "AddressBar directory emptiness poller" daemon [_thread_blocked, id=3992, stack(0x00000000c4000000,0x00000000c8000000)]
  0x00000000577a5800 JavaThread "Explorer Refresh Service 1482454196" daemon [_thread_blocked, id=4552, stack(0x00000000c8000000,0x00000000cc000000)]
  0x00000000577a0000 JavaThread "Thread-4" daemon [_thread_blocked, id=5300, stack(0x00000000bc000000,0x00000000c0000000)]
  0x0000000068f2a000 JavaThread "TimerQueue" daemon [_thread_blocked, id=7040, stack(0x00000000a0000000,0x00000000a4000000)]
  0x000000005779e000 JavaThread "Thread-3" daemon [_thread_blocked, id=6060, stack(0x0000000090000000,0x0000000094000000)]
  0x000000005779d000 JavaThread "AWT-EventQueue-0" [_thread_blocked, id=1264, stack(0x000000008c000000,0x0000000090000000)]
  0x000000005779c800 JavaThread "AWT-Shutdown" [_thread_blocked, id=6836, stack(0x0000000088000000,0x000000008c000000)]
  0x000000005779b800 JavaThread "FelixPackageAdmin" daemon [_thread_blocked, id=5404, stack(0x000000009c000000,0x00000000a0000000)]
  0x0000000021418800 JavaThread "FelixStartLevel" daemon [_thread_blocked, id=5096, stack(0x0000000098000000,0x000000009c000000)]
  0x0000000057763800 JavaThread "FelixDispatchQueue" daemon [_thread_blocked, id=6432, stack(0x0000000094000000,0x0000000098000000)]
  0x0000000021417800 JavaThread "com.google.common.base.internal.Finalizer" daemon [_thread_blocked, id=6364, stack(0x0000000084000000,0x0000000088000000)]
  0x0000000021416000 JavaThread "AWT-Windows" daemon [_thread_in_native, id=6240, stack(0x0000000077290000,0x000000007b290000)]
  0x0000000057396000 JavaThread "Java2D Disposer" daemon [_thread_blocked, id=6900, stack(0x00000000600a0000,0x00000000640a0000)]
  0x0000000056fc6000 JavaThread "Timer-0" [_thread_blocked, id=6448, stack(0x000000005bfb0000,0x000000005ffb0000)]
  0x0000000056f14000 JavaThread "EventMgr Dispatcher" daemon [_thread_in_native, id=7136, stack(0x0000000057ec0000,0x000000005bec0000)]
  0x0000000021409800 JavaThread "Service Thread" daemon [_thread_blocked, id=3180, stack(0x000000004eef0000,0x0000000052ef0000)]
  0x0000000021405800 JavaThread "C2 CompilerThread1" daemon [_thread_blocked, id=804, stack(0x000000004aef0000,0x000000004eef0000)]
  0x0000000021402000 JavaThread "C2 CompilerThread0" daemon [_thread_blocked, id=736, stack(0x0000000046ef0000,0x000000004aef0000)]
  0x0000000021401000 JavaThread "Attach Listener" daemon [_thread_blocked, id=4464, stack(0x0000000042ef0000,0x0000000046ef0000)]
  0x00000000213da800 JavaThread "Finalizer" daemon [_thread_blocked, id=5672, stack(0x000000003eef0000,0x0000000042ef0000)]
  0x00000000213d0800 JavaThread "Reference Handler" daemon [_thread_blocked, id=6152, stack(0x000000003aef0000,0x000000003eef0000)]
  0x00000000211e0000 JavaThread "main" [_thread_in_native, id=4780, stack(0x0000000000030000,0x0000000004030000)]

Other Threads:
  0x00000000213b5800 VMThread [stack: 0x0000000036ef0000,0x000000003aef0000] [id=5916]
  0x00000000214eb000 WatcherThread [stack: 0x0000000052ef0000,0x0000000056ef0000] [id=6300]

VM state:not at safepoint (normal execution)

VM Mutex/Monitor currently owned by a thread: None

Heap
 PSYoungGen      total 20288K, used 14217K [0x00000000fa000000, 0x00000000fbbc0000, 0x0000000100000000)
  eden space 17408K, 65% used [0x00000000fa000000,0x00000000fab17648,0x00000000fb100000)
  from space 2880K, 99% used [0x00000000fb150000,0x00000000fb41ae40,0x00000000fb420000)
  to   space 5504K, 0% used [0x00000000fb660000,0x00000000fb660000,0x00000000fbbc0000)
 ParOldGen       total 78720K, used 77547K [0x00000000e8000000, 0x00000000ecce0000, 0x00000000fa000000)
  object space 78720K, 98% used [0x00000000e8000000,0x00000000ecbbaeb8,0x00000000ecce0000)
 PSPermGen       total 106176K, used 73549K [0x00000000e0000000, 0x00000000e67b0000, 0x00000000e8000000)
  object space 106176K, 69% used [0x00000000e0000000,0x00000000e47d3770,0x00000000e67b0000)

Card table byte_map: [0x00000000249f0000,0x0000000024b00000] byte_map_base: 0x00000000242f0000

Polling page: 0x0000000009bb0000

Code Cache  [0x00000000219f0000, 0x0000000022230000, 0x00000000249f0000)
 total_blobs=3448 nmethods=2752 adapters=643 free_code_cache=40893Kb largest_free_block=41689856

Compilation events (10 events):
Event: 1406.466 Thread 0x0000000021405800 3017  s!         com.mathworks.mde.cmdhist.CmdHistoryIO::saveHistory (143 bytes)
Event: 1406.469 Thread 0x0000000021402000 3018             java.io.OutputStreamWriter::write (11 bytes)
Event: 1406.472 Thread 0x0000000021402000 nmethod 3018 0x00000000221f2310 code [0x00000000221f2460, 0x00000000221f26e8]
Event: 1406.498 Thread 0x0000000021405800 nmethod 3017 0x0000000021de8bd0 code [0x0000000021de8f80, 0x0000000021deade0]
Event: 1406.624 Thread 0x0000000021402000 3019   !         com.jniwrapper.win32.MessageLoopThread$LoopThread::run (522 bytes)
Event: 1406.735 Thread 0x0000000021405800 3020             com.jniwrapper.Pointer::<init> (7 bytes)
Event: 1406.737 Thread 0x0000000021405800 nmethod 3020 0x0000000022018790 code [0x00000000220188e0, 0x0000000022018a18]
Event: 1406.746 Thread 0x0000000021402000 nmethod 3019 0x000000002221f9d0 code [0x00000000222203a0, 0x0000000022225140]
Event: 1406.793 Thread 0x0000000021405800 3021             com.jniwrapper.Pointer::getReferencedObject (22 bytes)
Event: 1406.794 Thread 0x0000000021405800 nmethod 3021 0x0000000021e134d0 code [0x0000000021e13620, 0x0000000021e13738]

GC Heap History (10 events):
Event: 1387.442 GC heap before
{Heap before GC invocations=133 (full 2):
 PSYoungGen      total 22144K, used 20759K [0x00000000fa000000, 0x00000000fbc90000, 0x0000000100000000)
  eden space 17408K, 100% used [0x00000000fa000000,0x00000000fb100000,0x00000000fb100000)
  from space 4736K, 70% used [0x00000000fb5f0000,0x00000000fb935d70,0x00000000fba90000)
  to   space 5056K, 0% used [0x00000000fb100000,0x00000000fb100000,0x00000000fb5f0000)
 ParOldGen       total 78720K, used 77395K [0x00000000e8000000, 0x00000000ecce0000, 0x00000000fa000000)
  object space 78720K, 98% used [0x00000000e8000000,0x00000000ecb94e98,0x00000000ecce0000)
 PSPermGen       total 106176K, used 73516K [0x00000000e0000000, 0x00000000e67b0000, 0x00000000e8000000)
  object space 106176K, 69% used [0x00000000e0000000,0x00000000e47cb040,0x00000000e67b0000)
Event: 1387.450 GC heap after
Heap after GC invocations=133 (full 2):
 PSYoungGen      total 22464K, used 3126K [0x00000000fa000000, 0x00000000fbc70000, 0x0000000100000000)
  eden space 17408K, 0% used [0x00000000fa000000,0x00000000fa000000,0x00000000fb100000)
  from space 5056K, 61% used [0x00000000fb100000,0x00000000fb40d8a0,0x00000000fb5f0000)
  to   space 5248K, 0% used [0x00000000fb750000,0x00000000fb750000,0x00000000fbc70000)
 ParOldGen       total 78720K, used 77427K [0x00000000e8000000, 0x00000000ecce0000, 0x00000000fa000000)
  object space 78720K, 98% used [0x00000000e8000000,0x00000000ecb9ce98,0x00000000ecce0000)
 PSPermGen       total 106176K, used 73516K [0x00000000e0000000, 0x00000000e67b0000, 0x00000000e8000000)
  object space 106176K, 69% used [0x00000000e0000000,0x00000000e47cb040,0x00000000e67b0000)
}
Event: 1393.631 GC heap before
{Heap before GC invocations=134 (full 2):
 PSYoungGen      total 22464K, used 20534K [0x00000000fa000000, 0x00000000fbc70000, 0x0000000100000000)
  eden space 17408K, 100% used [0x00000000fa000000,0x00000000fb100000,0x00000000fb100000)
  from space 5056K, 61% used [0x00000000fb100000,0x00000000fb40d8a0,0x00000000fb5f0000)
  to   space 5248K, 0% used [0x00000000fb750000,0x00000000fb750000,0x00000000fbc70000)
 ParOldGen       total 78720K, used 77427K [0x00000000e8000000, 0x00000000ecce0000, 0x00000000fa000000)
  object space 78720K, 98% used [0x00000000e8000000,0x00000000ecb9ce98,0x00000000ecce0000)
 PSPermGen       total 106176K, used 73517K [0x00000000e0000000, 0x00000000e67b0000, 0x00000000e8000000)
  object space 106176K, 69% used [0x00000000e0000000,0x00000000e47cb5e8,0x00000000e67b0000)
Event: 1393.639 GC heap after
Heap after GC invocations=134 (full 2):
 PSYoungGen      total 23680K, used 3286K [0x00000000fa000000, 0x00000000fbca0000, 0x0000000100000000)
  eden space 18432K, 0% used [0x00000000fa000000,0x00000000fa000000,0x00000000fb200000)
  from space 5248K, 62% used [0x00000000fb750000,0x00000000fba858a0,0x00000000fbc70000)
  to   space 5440K, 0% used [0x00000000fb200000,0x00000000fb200000,0x00000000fb750000)
 ParOldGen       total 78720K, used 77451K [0x00000000e8000000, 0x00000000ecce0000, 0x00000000fa000000)
  object space 78720K, 98% used [0x00000000e8000000,0x00000000ecba2e98,0x00000000ecce0000)
 PSPermGen       total 106176K, used 73517K [0x00000000e0000000, 0x00000000e67b0000, 0x00000000e8000000)
  object space 106176K, 69% used [0x00000000e0000000,0x00000000e47cb5e8,0x00000000e67b0000)
}
Event: 1397.000 GC heap before
{Heap before GC invocations=135 (full 2):
 PSYoungGen      total 23680K, used 21718K [0x00000000fa000000, 0x00000000fbca0000, 0x0000000100000000)
  eden space 18432K, 100% used [0x00000000fa000000,0x00000000fb200000,0x00000000fb200000)
  from space 5248K, 62% used [0x00000000fb750000,0x00000000fba858a0,0x00000000fbc70000)
  to   space 5440K, 0% used [0x00000000fb200000,0x00000000fb200000,0x00000000fb750000)
 ParOldGen       total 78720K, used 77451K [0x00000000e8000000, 0x00000000ecce0000, 0x00000000fa000000)
  object space 78720K, 98% used [0x00000000e8000000,0x00000000ecba2e98,0x00000000ecce0000)
 PSPermGen       total 106176K, used 73524K [0x00000000e0000000, 0x00000000e67b0000, 0x00000000e8000000)
  object space 106176K, 69% used [0x00000000e0000000,0x00000000e47cd220,0x00000000e67b0000)
Event: 1397.008 GC heap after
Heap after GC invocations=135 (full 2):
 PSYoungGen      total 21184K, used 3126K [0x00000000fa000000, 0x00000000fbc60000, 0x0000000100000000)
  eden space 18048K, 0% used [0x00000000fa000000,0x00000000fa000000,0x00000000fb1a0000)
  from space 3136K, 99% used [0x00000000fb200000,0x00000000fb50d8a0,0x00000000fb510000)
  to   space 5504K, 0% used [0x00000000fb700000,0x00000000fb700000,0x00000000fbc60000)
 ParOldGen       total 78720K, used 77467K [0x00000000e8000000, 0x00000000ecce0000, 0x00000000fa000000)
  object space 78720K, 98% used [0x00000000e8000000,0x00000000ecba6e98,0x00000000ecce0000)
 PSPermGen       total 106176K, used 73524K [0x00000000e0000000, 0x00000000e67b0000, 0x00000000e8000000)
  object space 106176K, 69% used [0x00000000e0000000,0x00000000e47cd220,0x00000000e67b0000)
}
Event: 1401.702 GC heap before
{Heap before GC invocations=136 (full 2):
 PSYoungGen      total 21184K, used 21174K [0x00000000fa000000, 0x00000000fbc60000, 0x0000000100000000)
  eden space 18048K, 100% used [0x00000000fa000000,0x00000000fb1a0000,0x00000000fb1a0000)
  from space 3136K, 99% used [0x00000000fb200000,0x00000000fb50d8a0,0x00000000fb510000)
  to   space 5504K, 0% used [0x00000000fb700000,0x00000000fb700000,0x00000000fbc60000)
 ParOldGen       total 78720K, used 77467K [0x00000000e8000000, 0x00000000ecce0000, 0x00000000fa000000)
  object space 78720K, 98% used [0x00000000e8000000,0x00000000ecba6e98,0x00000000ecce0000)
 PSPermGen       total 106176K, used 73531K [0x00000000e0000000, 0x00000000e67b0000, 0x00000000e8000000)
  object space 106176K, 69% used [0x00000000e0000000,0x00000000e47cec50,0x00000000e67b0000)
Event: 1401.712 GC heap after
Heap after GC invocations=136 (full 2):
 PSYoungGen      total 23168K, used 3350K [0x00000000fa000000, 0x00000000fbc50000, 0x0000000100000000)
  eden space 17728K, 0% used [0x00000000fa000000,0x00000000fa000000,0x00000000fb150000)
  from space 5440K, 61% used [0x00000000fb700000,0x00000000fba458a0,0x00000000fbc50000)
  to   space 5632K, 0% used [0x00000000fb150000,0x00000000fb150000,0x00000000fb6d0000)
 ParOldGen       total 78720K, used 77491K [0x00000000e8000000, 0x00000000ecce0000, 0x00000000fa000000)
  object space 78720K, 98% used [0x00000000e8000000,0x00000000ecbace98,0x00000000ecce0000)
 PSPermGen       total 106176K, used 73531K [0x00000000e0000000, 0x00000000e67b0000, 0x00000000e8000000)
  object space 106176K, 69% used [0x00000000e0000000,0x00000000e47cec50,0x00000000e67b0000)
}
Event: 1406.608 GC heap before
{Heap before GC invocations=137 (full 2):
 PSYoungGen      total 23168K, used 21078K [0x00000000fa000000, 0x00000000fbc50000, 0x0000000100000000)
  eden space 17728K, 100% used [0x00000000fa000000,0x00000000fb150000,0x00000000fb150000)
  from space 5440K, 61% used [0x00000000fb700000,0x00000000fba458a0,0x00000000fbc50000)
  to   space 5632K, 0% used [0x00000000fb150000,0x00000000fb150000,0x00000000fb6d0000)
 ParOldGen       total 78720K, used 77491K [0x00000000e8000000, 0x00000000ecce0000, 0x00000000fa000000)
  object space 78720K, 98% used [0x00000000e8000000,0x00000000ecbace98,0x00000000ecce0000)
 PSPermGen       total 106176K, used 73533K [0x00000000e0000000, 0x00000000e67b0000, 0x00000000e8000000)
  object space 106176K, 69% used [0x00000000e0000000,0x00000000e47cf748,0x00000000e67b0000)
Event: 1406.615 GC heap after
Heap after GC invocations=137 (full 2):
 PSYoungGen      total 20288K, used 2859K [0x00000000fa000000, 0x00000000fbbc0000, 0x0000000100000000)
  eden space 17408K, 0% used [0x00000000fa000000,0x00000000fa000000,0x00000000fb100000)
  from space 2880K, 99% used [0x00000000fb150000,0x00000000fb41ae40,0x00000000fb420000)
  to   space 5504K, 0% used [0x00000000fb660000,0x00000000fb660000,0x00000000fbbc0000)
 ParOldGen       total 78720K, used 77547K [0x00000000e8000000, 0x00000000ecce0000, 0x00000000fa000000)
  object space 78720K, 98% used [0x00000000e8000000,0x00000000ecbbaeb8,0x00000000ecce0000)
 PSPermGen       total 106176K, used 73533K [0x00000000e0000000, 0x00000000e67b0000, 0x00000000e8000000)
  object space 106176K, 69% used [0x00000000e0000000,0x00000000e47cf748,0x00000000e67b0000)
}

Deoptimization events (10 events):
Event: 1384.478 Thread 0x000000005779d000 Uncommon trap -34 fr.pc 0x0000000021fae91c
Event: 1384.478 Thread 0x000000005779d000 Uncommon trap -34 fr.pc 0x00000000221c4290
Event: 1384.479 Thread 0x000000005779d000 Uncommon trap -34 fr.pc 0x00000000221a0aa4
Event: 1384.495 Thread 0x00000000662ec800 Uncommon trap -58 fr.pc 0x0000000021ef5428
Event: 1384.495 Thread 0x00000000662ec800 Uncommon trap -58 fr.pc 0x0000000021ef5428
Event: 1393.708 Thread 0x000000005779d000 Uncommon trap -83 fr.pc 0x00000000221f8380
Event: 1400.129 Thread 0x000000005779d000 Uncommon trap -83 fr.pc 0x000000002218cf34
Event: 1400.129 Thread 0x000000005779d000 Uncommon trap -83 fr.pc 0x00000000221fb0c4
Event: 1402.849 Thread 0x000000005779d000 Uncommon trap -58 fr.pc 0x0000000021cf8554
Event: 1403.012 Thread 0x000000005779d000 Uncommon trap -83 fr.pc 0x0000000021d6617c

Internal exceptions (10 events):
Event: 1406.754 Thread 0x00000000662ee000 Threw 0x00000000fa226bc8 at C:\jdk7u1_64p\jdk7u11\hotspot\src\share\vm\prims\jvm.cpp:1166
Event: 1406.755 Thread 0x00000000662ee000 Threw 0x00000000fa255a70 at C:\jdk7u1_64p\jdk7u11\hotspot\src\share\vm\prims\jvm.cpp:1166
Event: 1406.755 Thread 0x00000000662ee000 Threw 0x00000000fa2560c0 at C:\jdk7u1_64p\jdk7u11\hotspot\src\share\vm\prims\jvm.cpp:1166
Event: 1406.755 Thread 0x00000000662ee000 Threw 0x00000000fa284f98 at C:\jdk7u1_64p\jdk7u11\hotspot\src\share\vm\prims\jvm.cpp:1166
Event: 1406.755 Thread 0x00000000662ee000 Threw 0x00000000fa2855e8 at C:\jdk7u1_64p\jdk7u11\hotspot\src\share\vm\prims\jvm.cpp:1166
Event: 1406.755 Thread 0x00000000662ee000 Threw 0x00000000fa2b44c0 at C:\jdk7u1_64p\jdk7u11\hotspot\src\share\vm\prims\jvm.cpp:1166
Event: 1406.782 Thread 0x00000000662ee000 Threw 0x00000000fa537f30 at C:\jdk7u1_64p\jdk7u11\hotspot\src\share\vm\runtime\reflection.cpp:1039
Event: 1406.785 Thread 0x00000000662ee000 Threw 0x00000000fa5be468 at C:\jdk7u1_64p\jdk7u11\hotspot\src\share\vm\runtime\reflection.cpp:1039
Event: 1406.808 Thread 0x00000000662ee000 Threw 0x00000000fa9921f0 at C:\jdk7u1_64p\jdk7u11\hotspot\src\share\vm\runtime\reflection.cpp:1039
Event: 1406.816 Thread 0x00000000662ee000 Threw 0x00000000fab042e0 at C:\jdk7u1_64p\jdk7u11\hotspot\src\share\vm\prims\jvm.cpp:1166

Events (10 events):
Event: 1406.754 loading class 0x000000007c2f3500
Event: 1406.754 loading class 0x000000007c2f3500 done
Event: 1406.755 loading class 0x000000007c2f3500
Event: 1406.755 loading class 0x000000007c2f3500 done
Event: 1406.755 loading class 0x000000007c2f3500
Event: 1406.755 loading class 0x000000007c2f3500 done
Event: 1406.761 Executing VM operation: RevokeBias
Event: 1406.761 Executing VM operation: RevokeBias done
Event: 1406.816 loading class 0x000000007c4604a0
Event: 1406.816 loading class 0x000000007c4604a0 done


Dynamic libraries:
0x0000000140000000 - 0x0000000140029000 	D:\Matlab\bin\win64\MATLAB.exe
0x00000000770b0000 - 0x000000007725a000 	C:\Windows\SYSTEM32\ntdll.dll
0x0000000076f90000 - 0x00000000770af000 	C:\Windows\system32\kernel32.dll
0x000007fefcf40000 - 0x000007fefcfaa000 	C:\Windows\system32\KERNELBASE.dll
0x000000006f060000 - 0x000000006f3dc000 	D:\Matlab\bin\win64\libmwservices.dll
0x000000006fe80000 - 0x000000006ff56000 	D:\Matlab\bin\win64\libmwi18n.dll
0x000000006fe70000 - 0x000000006fe7d000 	D:\Matlab\bin\win64\libmwresource_core.dll
0x0000000071930000 - 0x00000000719c8000 	D:\Matlab\bin\win64\MSVCP100.dll
0x0000000071850000 - 0x0000000071922000 	D:\Matlab\bin\win64\MSVCR100.dll
0x0000000072610000 - 0x000000007261e000 	D:\Matlab\bin\win64\boost_date_time-vc100-mt-1_49.dll
0x0000000070e10000 - 0x0000000070e3c000 	D:\Matlab\bin\win64\boost_filesystem-vc100-mt-1_49.dll
0x0000000072440000 - 0x0000000072449000 	D:\Matlab\bin\win64\boost_system-vc100-mt-1_49.dll
0x000007feff1b0000 - 0x000007feff28b000 	C:\Windows\system32\ADVAPI32.dll
0x000007fefda00000 - 0x000007fefda9f000 	C:\Windows\system32\msvcrt.dll
0x000007fefd160000 - 0x000007fefd17f000 	C:\Windows\SYSTEM32\sechost.dll
0x000007feff290000 - 0x000007feff3bd000 	C:\Windows\system32\RPCRT4.dll
0x0000000070de0000 - 0x0000000070e05000 	D:\Matlab\bin\win64\LIBEXPAT.dll
0x000000006d5c0000 - 0x000000006d74a000 	D:\Matlab\bin\win64\icuin49.dll
0x000000006c750000 - 0x000000006c88e000 	D:\Matlab\bin\win64\icuuc49.dll
0x000000006b020000 - 0x000000006c142000 	D:\Matlab\bin\win64\icudt49.dll
0x0000000071840000 - 0x0000000071850000 	D:\Matlab\bin\win64\icuio49.dll
0x0000000004100000 - 0x00000000041bb000 	D:\Matlab\bin\win64\libut.dll
0x000000006f960000 - 0x000000006fb07000 	D:\Matlab\bin\win64\libmwfl.dll
0x00000000042c0000 - 0x00000000046cf000 	D:\Matlab\bin\win64\libmwMATLAB_res.dll
0x00000000702b0000 - 0x000000007038f000 	D:\Matlab\bin\win64\boost_regex-vc100-mt-1_49.dll
0x0000000076e90000 - 0x0000000076f8a000 	C:\Windows\system32\USER32.dll
0x000007fefd2b0000 - 0x000007fefd317000 	C:\Windows\system32\GDI32.dll
0x000007fefdeb0000 - 0x000007fefdebe000 	C:\Windows\system32\LPK.dll
0x000007fefd1e0000 - 0x000007fefd2aa000 	C:\Windows\system32\USP10.dll
0x0000000070dc0000 - 0x0000000070dd1000 	D:\Matlab\bin\win64\boost_signals-vc100-mt-1_49.dll
0x0000000070bc0000 - 0x0000000070bd1000 	D:\Matlab\bin\win64\boost_thread-vc100-mt-1_49.dll
0x000000006d530000 - 0x000000006d5bc000 	D:\Matlab\bin\win64\boost_log-vc100-mt-1_49.dll
0x0000000077280000 - 0x0000000077287000 	C:\Windows\system32\PSAPI.DLL
0x000007fefd9b0000 - 0x000007fefd9fd000 	C:\Windows\system32\WS2_32.dll
0x000007fefd9a0000 - 0x000007fefd9a8000 	C:\Windows\system32\NSI.dll
0x000007fefa050000 - 0x000007fefa083000 	D:\Matlab\bin\win64\tbb.dll
0x000007feff190000 - 0x000007feff1a9000 	C:\Windows\system32\imagehlp.dll
0x000007fefb0b0000 - 0x000007fefb0dc000 	C:\Windows\system32\POWRPROF.dll
0x000007fefdc30000 - 0x000007fefde07000 	C:\Windows\system32\SETUPAPI.dll
0x000007fefd0a0000 - 0x000007fefd0d6000 	C:\Windows\system32\CFGMGR32.dll
0x000007fefdec0000 - 0x000007fefdf9a000 	C:\Windows\system32\OLEAUT32.dll
0x000007fefd700000 - 0x000007fefd8fc000 	C:\Windows\system32\ole32.dll
0x000007fefd060000 - 0x000007fefd07a000 	C:\Windows\system32\DEVOBJ.dll
0x00000000046d0000 - 0x00000000047cb000 	D:\Matlab\bin\win64\libmx.dll
0x000007fef9f40000 - 0x000007fef9f68000 	D:\Matlab\bin\win64\tbbmalloc.dll
0x0000000070ba0000 - 0x0000000070bb7000 	D:\Matlab\bin\win64\zlib1.dll
0x000000006ef00000 - 0x000000006ef4e000 	D:\Matlab\bin\win64\libmwregexp.dll
0x000000006eeb0000 - 0x000000006eef7000 	D:\Matlab\bin\win64\mpath.dll
0x00000000047d0000 - 0x0000000004df8000 	D:\Matlab\bin\win64\mlutil.dll
0x000000006e870000 - 0x000000006e8e7000 	D:\Matlab\bin\win64\xmlcore.dll
0x000000006c500000 - 0x000000006c741000 	D:\Matlab\bin\win64\xerces-c_2_7.dll
0x000000006e5f0000 - 0x000000006e613000 	D:\Matlab\bin\win64\libmwMATLAB_settings_res.dll
0x0000000071830000 - 0x0000000071840000 	D:\Matlab\bin\win64\boost_iostreams-vc100-mt-1_49.dll
0x000000006d4e0000 - 0x000000006d526000 	D:\Matlab\bin\win64\boost_serialization-vc100-mt-1_49.dll
0x000007fefe400000 - 0x000007feff18a000 	C:\Windows\system32\SHELL32.dll
0x000007fefd680000 - 0x000007fefd6f1000 	C:\Windows\system32\SHLWAPI.dll
0x000000006e580000 - 0x000000006e586000 	D:\Matlab\bin\win64\libmwnativedisplay.dll
0x00000000685f0000 - 0x000000006863d000 	D:\Matlab\bin\win64\opccore.dll
0x00000000684f0000 - 0x00000000685c6000 	D:\Matlab\bin\win64\opcmodel.dll
0x00000000684c0000 - 0x00000000684ed000 	D:\Matlab\bin\win64\opczippackage.dll
0x0000000070e50000 - 0x0000000070e5e000 	D:\Matlab\bin\win64\libminizip.dll
0x0000000068340000 - 0x00000000683a6000 	D:\Matlab\bin\win64\opcmwservices.dll
0x000007fefa4d0000 - 0x000007fefa570000 	C:\Windows\WinSxS\amd64_microsoft.windows.common-controls_6595b64144ccf1df_5.82.7601.18837_none_a4d981ff711297b6\COMCTL32.dll
0x000007fefd900000 - 0x000007fefd997000 	C:\Windows\system32\COMDLG32.dll
0x000007fefabe0000 - 0x000007fefabf6000 	C:\Windows\system32\NETAPI32.dll
0x000007fefabd0000 - 0x000007fefabdc000 	C:\Windows\system32\netutils.dll
0x000007fefc940000 - 0x000007fefc963000 	C:\Windows\system32\srvcli.dll
0x000007fefabb0000 - 0x000007fefabc5000 	C:\Windows\system32\wkscli.dll
0x000000006e4d0000 - 0x000000006e57d000 	D:\Matlab\bin\win64\mcr.dll
0x000000006e110000 - 0x000000006e4d0000 	D:\Matlab\bin\win64\iqm.dll
0x0000000180000000 - 0x00000001800c2000 	D:\Matlab\bin\win64\m_dispatcher.dll
0x0000000004e10000 - 0x000000000560b000 	D:\Matlab\bin\win64\m_interpreter.dll
0x000000006d760000 - 0x000000006d784000 	D:\Matlab\bin\win64\libmex.dll
0x0000000005610000 - 0x000000000568b000 	D:\Matlab\bin\win64\profiler.dll
0x0000000005690000 - 0x0000000005808000 	D:\Matlab\bin\win64\libmwmathutil.dll
0x000000006d420000 - 0x000000006d447000 	D:\Matlab\bin\win64\libmwmathrng.dll
0x000000006d410000 - 0x000000006d420000 	D:\Matlab\bin\win64\libmwmfl_rng.dll
0x0000000005810000 - 0x0000000005928000 	D:\Matlab\bin\win64\libmwmathcore.dll
0x000000006d2b0000 - 0x000000006d313000 	D:\Matlab\bin\win64\libmwspmatrix.dll
0x0000000005930000 - 0x0000000005b92000 	D:\Matlab\bin\win64\mcos.dll
0x000000006cfc0000 - 0x000000006d01c000 	D:\Matlab\bin\win64\libmwcholmod.dll
0x000000006cfb0000 - 0x000000006cfbc000 	D:\Matlab\bin\win64\libmwamd.dll
0x000000006cfa0000 - 0x000000006cfab000 	D:\Matlab\bin\win64\libmwcolamd.dll
0x000000006cf80000 - 0x000000006cf93000 	D:\Matlab\bin\win64\libmwblas.dll
0x000000006cf60000 - 0x000000006cf75000 	D:\Matlab\bin\win64\libmwbinder.dll
0x000000006cf50000 - 0x000000006cf5b000 	D:\Matlab\bin\win64\libmwompwrapper.dll
0x000000006ced0000 - 0x000000006cf4f000 	D:\Matlab\bin\win64\libmwlapack.dll
0x000000006ceb0000 - 0x000000006ced0000 	D:\Matlab\bin\win64\m_pcodeio.dll
0x000000006ce50000 - 0x000000006ceac000 	D:\Matlab\bin\win64\m_ir.dll
0x0000000005ba0000 - 0x0000000006255000 	D:\Matlab\bin\win64\m_parser.dll
0x0000000006260000 - 0x0000000006277000 	D:\Matlab\bin\win64\ir_xfmr.dll
0x0000000006280000 - 0x0000000006290000 	D:\Matlab\bin\win64\mtok.dll
0x0000000006290000 - 0x00000000062b8000 	D:\Matlab\bin\win64\m_pcodegen.dll
0x000007fef9080000 - 0x000007fef91a5000 	C:\Windows\system32\dbghelp.dll
0x00000000062c0000 - 0x00000000062ef000 	D:\Matlab\bin\win64\libmwbridge.dll
0x00000000062f0000 - 0x00000000063a6000 	D:\Matlab\bin\win64\udd.dll
0x00000000063b0000 - 0x0000000006501000 	D:\Matlab\bin\win64\libmwgui.dll
0x000000006c4d0000 - 0x000000006c4f8000 	D:\Matlab\bin\win64\graphics_util.dll
0x000000006af60000 - 0x000000006b018000 	D:\Matlab\bin\win64\libtex_base.dll
0x0000000006510000 - 0x0000000006e76000 	D:\Matlab\bin\win64\hg.dll
0x0000000006e80000 - 0x0000000006edd000 	D:\Matlab\bin\win64\libmat.dll
0x0000000006ee0000 - 0x00000000070e8000 	D:\Matlab\bin\win64\hdf5dll.dll
0x0000000007100000 - 0x00000000071c8000 	D:\Matlab\bin\win64\jmi.dll
0x00000000071d0000 - 0x00000000071de000 	D:\Matlab\bin\win64\nativejava_services.dll
0x00000000071e0000 - 0x0000000007222000 	D:\Matlab\bin\win64\libmwhardcopy.dll
0x0000000007230000 - 0x000000000728e000 	D:\Matlab\bin\win64\libuij.dll
0x0000000007290000 - 0x0000000007495000 	D:\Matlab\bin\win64\hgdatatypes.dll
0x00000000074a0000 - 0x00000000075b2000 	D:\Matlab\bin\win64\hgutils.dll
0x00000000075c0000 - 0x000000000766e000 	D:\Matlab\bin\win64\udd_mi.dll
0x0000000007670000 - 0x00000000076a6000 	D:\Matlab\bin\win64\libmwgbtutils.dll
0x00000000076b0000 - 0x00000000076c3000 	D:\Matlab\bin\win64\libmwgbt.dll
0x00000000076d0000 - 0x000000000799f000 	D:\Matlab\bin\win64\uiw.dll
0x00000000079a0000 - 0x00000000079a9000 	D:\Matlab\bin\win64\uinone.dll
0x00000000079b0000 - 0x00000000079dc000 	D:\Matlab\bin\win64\libmwnativedialogs.dll
0x00000000079f0000 - 0x00000000079fc000 	D:\Matlab\bin\win64\libmwplatform_res.dll
0x000007fef08e0000 - 0x000007fef08f8000 	C:\Windows\system32\MPR.dll
0x000000006aa00000 - 0x000000006af5d000 	D:\Matlab\bin\win64\mfc100.dll
0x000007fefa830000 - 0x000007fefa837000 	C:\Windows\system32\MSIMG32.dll
0x000007fefa7b0000 - 0x000007fefa821000 	C:\Windows\system32\WINSPOOL.DRV
0x0000000007a00000 - 0x0000000007a1d000 	D:\Matlab\bin\win64\mwoles05.DLL
0x0000000007a20000 - 0x0000000007a8c000 	D:\Matlab\bin\win64\comcli.dll
0x000000006d4b0000 - 0x000000006d4db000 	D:\Matlab\bin\win64\ATL100.DLL
0x0000000007a90000 - 0x0000000007a9c000 	D:\Matlab\bin\win64\mlautoregister.dll
0x0000000007aa0000 - 0x0000000007c0f000 	D:\Matlab\bin\win64\mvm.dll
0x000007fefd650000 - 0x000007fefd67e000 	C:\Windows\system32\IMM32.DLL
0x000007fefdfa0000 - 0x000007fefe0a9000 	C:\Windows\system32\MSCTF.dll
0x0000000074ae0000 - 0x0000000074b19000 	C:\PROGRA~2\Sophos\SOPHOS~1\SOPHOS~2.DLL
0x000007fefb630000 - 0x000007fefb686000 	C:\Windows\system32\UxTheme.dll

VM Arguments:
jvm_args: -XX:PermSize=32m -Xms64m -XX:NewRatio=3 -XX:MaxPermSize=128m -Xmx384m -XX:MaxDirectMemorySize=2147400000 -Dsun.java2d.noddraw=true -Dsun.awt.nopixfmt=true -Xshare:off -Xrs -XX:-UseSplitVerifier -Djava.library.path=D:\Matlab\bin\win64;D:\Matlab\sys\jxbrowser\win64\lib vfprintf abort -Duser.language=de -Duser.country=DE 
java_command: <unknown>
Launcher Type: generic

Environment Variables:
PATH=C:\Program Files (x86)\NVIDIA Corporation\PhysX\Common;C:\Program Files\Common Files\Microsoft Shared\Windows Live;C:\Program Files (x86)\Common Files\Microsoft Shared\Windows Live;C:\Windows\system32;C:\Windows;C:\Windows\System32\Wbem;C:\Windows\System32\WindowsPowerShell\v1.0\;C:\Program Files (x86)\Windows Live\Shared;C:\Program Files (x86)\Toshiba\Bluetooth Toshiba Stack\sys\;C:\Program Files (x86)\Toshiba\Bluetooth Toshiba Stack\sys\x64\;C:\Program Files (x86)\MiKTeX 2.9\miktex\bin\;C:\Program Files (x86)\Pico Technology\PicoScope6\;C:\Program Files (x86)\Skype\Phone\;C:\Program Files\Microsoft SQL Server\120\Tools\Binn\;C:\Program Files\Microsoft SQL Server\130\Tools\Binn\;C:\Program Files (x86)\Windows Kits\10\Windows Performance Toolkit\;C:\MinGW\bin;C:\openCV\opencv\build\x64\vc14\bin;C:\Program Files (x86)\Windows Kits\8.1\Windows Performance Toolkit\;C:\Program Files (x86)\OpenVPN\bin
USERNAME=Philipp
OS=Windows_NT
PROCESSOR_IDENTIFIER=Intel64 Family 6 Model 42 Stepping 7, GenuineIntel



---------------  S Y S T E M  ---------------

OS: Windows 7 , 64 bit Build 7601 Service Pack 1

CPU:total 4 (2 cores per cpu, 2 threads per core) family 6 model 42 stepping 7, cmov, cx8, fxsr, mmx, sse, sse2, sse3, ssse3, sse4.1, sse4.2, popcnt, avx, ht, tsc, tscinvbit

Memory: 4k page, physical 8370032k(5875960k free), swap 16738204k(14001248k free)

vm_info: Java HotSpot(TM) 64-Bit Server VM (23.6-b04) for windows-amd64 JRE (1.7.0_11-b21), built on Jan 12 2013 02:38:42 by "java_re" with unknown MS VC++:1600

time: Sat May 20 15:49:26 2017
elapsed time: 1406 seconds

